Arguments: 
  C:\Program Files\nodejs\node.exe C:\Users\Admin\AppData\Roaming\npm\node_modules\yarn\bin\yarn.js run

PATH: 
  C:\WINDOWS\system32;C:\WINDOWS;C:\WINDOWS\System32\Wbem;C:\WINDOWS\System32\WindowsPowerShell\v1.0\;C:\Program Files\Git\cmd;C:\Program Files\Git\mingw64\bin;C:\Program Files\Git\usr\bin;C:\Program Files (x86)\Windows Kits\8.1\Windows Performance Toolkit\;C:\WINDOWS\System32\OpenSSH\;C:\xampp\php;C:\composer;C:\Program Files\nodejs\;C:\Ruby26-x64\bin;C:\Program Files\Microsoft VS Code\bin;C:\Users\Admin\AppData\Local\Microsoft\WindowsApps;C:\Users\Admin\AppData\Roaming\Composer\vendor\bin;C:\Users\Admin\AppData\Roaming\npm;C:\Users\Admin\AppData\Local\Programs\Microsoft VS Code\bin

Yarn version: 
  1.5.1

Node version: 
  8.11.4

Platform: 
  win32 x64

npm manifest: 
  {
    "name": "ivisionwebstudio",
    "version": "1.0.0",
    "description": "iVision Web studio",
    "main": "index.js",
    "dependencies": {
      "body-parser": "^1.18.2",
      "concurrently": "^3.5.1",
      "dotenv": "^7.0.0",
      "express": "^4.16.4",
      "nodemailer": "^4.7.0",
      "nodemon": "^1.18.10"
    },
    "devDependencies": {
      "nodemo": "^1.0.0"
    },
    "scripts": {
      "start": "node index.js",
      "server": "nodemon index.js",
      "client": "npm run start --prefix client",
      "dev": "concurrently \"npm run server\" \"npm run client\""
    }
  }

yarn manifest: 
  No manifest

Lockfile: 
  No lockfile

Trace: 
  Error: Command failed.
  Exit code: 3221225786
  Command: C:\WINDOWS\system32\cmd.exe
  Arguments: /d /s /c concurrently "npm run server" "npm run client"
  Directory: D:\yogesh\My Demo\iVisionWebStudio
  Output:
  
      at ProcessTermError.MessageError (C:\Users\Admin\AppData\Roaming\npm\node_modules\yarn\lib\cli.js:186:110)
      at new ProcessTermError (C:\Users\Admin\AppData\Roaming\npm\node_modules\yarn\lib\cli.js:226:113)
      at ChildProcess.<anonymous> (C:\Users\Admin\AppData\Roaming\npm\node_modules\yarn\lib\cli.js:30281:17)
      at emitTwo (events.js:126:13)
      at ChildProcess.emit (events.js:214:7)
      at maybeClose (internal/child_process.js:925:16)
      at Process.ChildProcess._handle.onexit (internal/child_process.js:209:5)
